{"/Users/mathewstevens/Desktop/html example/express_and_postgres/express-biztime/app.js": {"path":"/Users/mathewstevens/Desktop/html example/express_and_postgres/express-biztime/app.js","statementMap":{"0":{"start":{"line":1,"column":16},"end":{"line":1,"column":34}},"1":{"start":{"line":2,"column":12},"end":{"line":2,"column":21}},"2":{"start":{"line":3,"column":21},"end":{"line":3,"column":46}},"3":{"start":{"line":4,"column":24},"end":{"line":4,"column":53}},"4":{"start":{"line":5,"column":23},"end":{"line":5,"column":51}},"5":{"start":{"line":7,"column":0},"end":{"line":7,"column":24}},"6":{"start":{"line":10,"column":0},"end":{"line":10,"column":39}},"7":{"start":{"line":11,"column":0},"end":{"line":11,"column":37}},"8":{"start":{"line":14,"column":0},"end":{"line":17,"column":3}},"9":{"start":{"line":15,"column":14},"end":{"line":15,"column":48}},"10":{"start":{"line":16,"column":2},"end":{"line":16,"column":19}},"11":{"start":{"line":20,"column":0},"end":{"line":27,"column":3}},"12":{"start":{"line":21,"column":2},"end":{"line":21,"column":32}},"13":{"start":{"line":23,"column":2},"end":{"line":26,"column":5}},"14":{"start":{"line":29,"column":0},"end":{"line":29,"column":21}}},"fnMap":{"0":{"name":"(anonymous_0)","decl":{"start":{"line":14,"column":8},"end":{"line":14,"column":9}},"loc":{"start":{"line":14,"column":33},"end":{"line":17,"column":1}},"line":14},"1":{"name":"(anonymous_1)","decl":{"start":{"line":20,"column":8},"end":{"line":20,"column":9}},"loc":{"start":{"line":20,"column":33},"end":{"line":27,"column":1}},"line":20}},"branchMap":{"0":{"loc":{"start":{"line":21,"column":13},"end":{"line":21,"column":30}},"type":"binary-expr","locations":[{"start":{"line":21,"column":13},"end":{"line":21,"column":23}},{"start":{"line":21,"column":27},"end":{"line":21,"column":30}}],"line":21}},"s":{"0":2,"1":2,"2":2,"3":2,"4":2,"5":2,"6":2,"7":2,"8":2,"9":0,"10":0,"11":2,"12":6,"13":6,"14":2},"f":{"0":0,"1":6},"b":{"0":[6,0]},"_coverageSchema":"1a1c01bbd47fc00a2c39e90264f33305004495a9","hash":"26a2c988c9803c8e728ac71809d3386ad1b8e67d"}
,"/Users/mathewstevens/Desktop/html example/express_and_postgres/express-biztime/db.js": {"path":"/Users/mathewstevens/Desktop/html example/express_and_postgres/express-biztime/db.js","statementMap":{"0":{"start":{"line":5,"column":19},"end":{"line":5,"column":32}},"1":{"start":{"line":11,"column":0},"end":{"line":19,"column":1}},"2":{"start":{"line":12,"column":4},"end":{"line":14,"column":7}},"3":{"start":{"line":16,"column":4},"end":{"line":18,"column":7}},"4":{"start":{"line":21,"column":0},"end":{"line":27,"column":3}},"5":{"start":{"line":22,"column":4},"end":{"line":26,"column":5}},"6":{"start":{"line":23,"column":8},"end":{"line":23,"column":53}},"7":{"start":{"line":25,"column":8},"end":{"line":25,"column":49}},"8":{"start":{"line":29,"column":0},"end":{"line":29,"column":20}}},"fnMap":{"0":{"name":"(anonymous_0)","decl":{"start":{"line":21,"column":11},"end":{"line":21,"column":12}},"loc":{"start":{"line":21,"column":18},"end":{"line":27,"column":1}},"line":21}},"branchMap":{"0":{"loc":{"start":{"line":11,"column":0},"end":{"line":19,"column":1}},"type":"if","locations":[{"start":{"line":11,"column":0},"end":{"line":19,"column":1}},{"start":{"line":15,"column":7},"end":{"line":19,"column":1}}],"line":11},"1":{"loc":{"start":{"line":22,"column":4},"end":{"line":26,"column":5}},"type":"if","locations":[{"start":{"line":22,"column":4},"end":{"line":26,"column":5}},{"start":{"line":24,"column":11},"end":{"line":26,"column":5}}],"line":22}},"s":{"0":2,"1":2,"2":2,"3":0,"4":2,"5":2,"6":0,"7":2,"8":2},"f":{"0":2},"b":{"0":[2,0],"1":[0,2]},"_coverageSchema":"1a1c01bbd47fc00a2c39e90264f33305004495a9","hash":"9750f94f61014a591532d956bc12f646256bbf6e"}
,"/Users/mathewstevens/Desktop/html example/express_and_postgres/express-biztime/expressError.js": {"path":"/Users/mathewstevens/Desktop/html example/express_and_postgres/express-biztime/expressError.js","statementMap":{"0":{"start":{"line":9,"column":4},"end":{"line":9,"column":12}},"1":{"start":{"line":10,"column":4},"end":{"line":10,"column":27}},"2":{"start":{"line":11,"column":4},"end":{"line":11,"column":25}},"3":{"start":{"line":12,"column":4},"end":{"line":12,"column":30}},"4":{"start":{"line":17,"column":0},"end":{"line":17,"column":30}}},"fnMap":{"0":{"name":"(anonymous_0)","decl":{"start":{"line":8,"column":2},"end":{"line":8,"column":3}},"loc":{"start":{"line":8,"column":31},"end":{"line":13,"column":3}},"line":8}},"branchMap":{},"s":{"0":6,"1":6,"2":6,"3":6,"4":2},"f":{"0":6},"b":{},"_coverageSchema":"1a1c01bbd47fc00a2c39e90264f33305004495a9","hash":"0c01fd2ee87032a321ed51d30b14b0825ae59214"}
,"/Users/mathewstevens/Desktop/html example/express_and_postgres/express-biztime/routes/companies.js": {"path":"/Users/mathewstevens/Desktop/html example/express_and_postgres/express-biztime/routes/companies.js","statementMap":{"0":{"start":{"line":1,"column":16},"end":{"line":1,"column":34}},"1":{"start":{"line":2,"column":15},"end":{"line":2,"column":35}},"2":{"start":{"line":3,"column":11},"end":{"line":3,"column":27}},"3":{"start":{"line":4,"column":21},"end":{"line":4,"column":47}},"4":{"start":{"line":5,"column":16},"end":{"line":5,"column":34}},"5":{"start":{"line":8,"column":0},"end":{"line":15,"column":3}},"6":{"start":{"line":9,"column":4},"end":{"line":14,"column":5}},"7":{"start":{"line":10,"column":23},"end":{"line":10,"column":73}},"8":{"start":{"line":11,"column":8},"end":{"line":11,"column":52}},"9":{"start":{"line":13,"column":8},"end":{"line":13,"column":25}},"10":{"start":{"line":19,"column":0},"end":{"line":47,"column":5}},"11":{"start":{"line":20,"column":4},"end":{"line":46,"column":5}},"12":{"start":{"line":21,"column":23},"end":{"line":21,"column":33}},"13":{"start":{"line":23,"column":28},"end":{"line":26,"column":7}},"14":{"start":{"line":28,"column":6},"end":{"line":30,"column":7}},"15":{"start":{"line":29,"column":8},"end":{"line":29,"column":57}},"16":{"start":{"line":32,"column":31},"end":{"line":38,"column":7}},"17":{"start":{"line":40,"column":22},"end":{"line":40,"column":43}},"18":{"start":{"line":41,"column":6},"end":{"line":41,"column":70}},"19":{"start":{"line":41,"column":58},"end":{"line":41,"column":68}},"20":{"start":{"line":43,"column":6},"end":{"line":43,"column":35}},"21":{"start":{"line":45,"column":6},"end":{"line":45,"column":23}},"22":{"start":{"line":52,"column":0},"end":{"line":69,"column":3}},"23":{"start":{"line":53,"column":4},"end":{"line":68,"column":5}},"24":{"start":{"line":54,"column":38},"end":{"line":54,"column":46}},"25":{"start":{"line":56,"column":21},"end":{"line":56,"column":65}},"26":{"start":{"line":59,"column":23},"end":{"line":64,"column":9}},"27":{"start":{"line":65,"column":8},"end":{"line":65,"column":65}},"28":{"start":{"line":67,"column":8},"end":{"line":67,"column":25}},"29":{"start":{"line":74,"column":0},"end":{"line":92,"column":3}},"30":{"start":{"line":75,"column":4},"end":{"line":91,"column":5}},"31":{"start":{"line":76,"column":25},"end":{"line":76,"column":35}},"32":{"start":{"line":77,"column":38},"end":{"line":77,"column":46}},"33":{"start":{"line":78,"column":23},"end":{"line":82,"column":9}},"34":{"start":{"line":84,"column":8},"end":{"line":86,"column":9}},"35":{"start":{"line":85,"column":12},"end":{"line":85,"column":61}},"36":{"start":{"line":88,"column":8},"end":{"line":88,"column":53}},"37":{"start":{"line":90,"column":8},"end":{"line":90,"column":25}},"38":{"start":{"line":97,"column":0},"end":{"line":114,"column":3}},"39":{"start":{"line":98,"column":4},"end":{"line":113,"column":5}},"40":{"start":{"line":99,"column":25},"end":{"line":99,"column":35}},"41":{"start":{"line":100,"column":23},"end":{"line":104,"column":9}},"42":{"start":{"line":106,"column":8},"end":{"line":108,"column":9}},"43":{"start":{"line":107,"column":12},"end":{"line":107,"column":61}},"44":{"start":{"line":110,"column":8},"end":{"line":110,"column":47}},"45":{"start":{"line":112,"column":8},"end":{"line":112,"column":25}},"46":{"start":{"line":116,"column":0},"end":{"line":116,"column":23}}},"fnMap":{"0":{"name":"(anonymous_0)","decl":{"start":{"line":8,"column":16},"end":{"line":8,"column":17}},"loc":{"start":{"line":8,"column":42},"end":{"line":15,"column":1}},"line":8},"1":{"name":"(anonymous_1)","decl":{"start":{"line":19,"column":21},"end":{"line":19,"column":22}},"loc":{"start":{"line":19,"column":47},"end":{"line":47,"column":3}},"line":19},"2":{"name":"(anonymous_2)","decl":{"start":{"line":41,"column":53},"end":{"line":41,"column":54}},"loc":{"start":{"line":41,"column":58},"end":{"line":41,"column":68}},"line":41},"3":{"name":"(anonymous_3)","decl":{"start":{"line":52,"column":17},"end":{"line":52,"column":18}},"loc":{"start":{"line":52,"column":43},"end":{"line":69,"column":1}},"line":52},"4":{"name":"(anonymous_4)","decl":{"start":{"line":74,"column":21},"end":{"line":74,"column":22}},"loc":{"start":{"line":74,"column":47},"end":{"line":92,"column":1}},"line":74},"5":{"name":"(anonymous_5)","decl":{"start":{"line":97,"column":24},"end":{"line":97,"column":25}},"loc":{"start":{"line":97,"column":50},"end":{"line":114,"column":1}},"line":97}},"branchMap":{"0":{"loc":{"start":{"line":28,"column":6},"end":{"line":30,"column":7}},"type":"if","locations":[{"start":{"line":28,"column":6},"end":{"line":30,"column":7}},{"start":{},"end":{}}],"line":28},"1":{"loc":{"start":{"line":84,"column":8},"end":{"line":86,"column":9}},"type":"if","locations":[{"start":{"line":84,"column":8},"end":{"line":86,"column":9}},{"start":{},"end":{}}],"line":84},"2":{"loc":{"start":{"line":106,"column":8},"end":{"line":108,"column":9}},"type":"if","locations":[{"start":{"line":106,"column":8},"end":{"line":108,"column":9}},{"start":{},"end":{}}],"line":106}},"s":{"0":2,"1":2,"2":2,"3":2,"4":2,"5":2,"6":1,"7":1,"8":1,"9":0,"10":2,"11":2,"12":2,"13":2,"14":2,"15":1,"16":1,"17":1,"18":1,"19":0,"20":1,"21":1,"22":2,"23":1,"24":1,"25":1,"26":1,"27":1,"28":0,"29":2,"30":2,"31":2,"32":2,"33":2,"34":2,"35":1,"36":1,"37":1,"38":2,"39":2,"40":2,"41":2,"42":2,"43":1,"44":1,"45":1,"46":2},"f":{"0":1,"1":2,"2":0,"3":1,"4":2,"5":2},"b":{"0":[1,1],"1":[1,1],"2":[1,1]},"_coverageSchema":"1a1c01bbd47fc00a2c39e90264f33305004495a9","hash":"a887a5649192fa438b7f82099b533289835a7b1a"}
,"/Users/mathewstevens/Desktop/html example/express_and_postgres/express-biztime/routes/invoices.js": {"path":"/Users/mathewstevens/Desktop/html example/express_and_postgres/express-biztime/routes/invoices.js","statementMap":{"0":{"start":{"line":1,"column":16},"end":{"line":1,"column":34}},"1":{"start":{"line":2,"column":15},"end":{"line":2,"column":35}},"2":{"start":{"line":3,"column":11},"end":{"line":3,"column":27}},"3":{"start":{"line":4,"column":21},"end":{"line":4,"column":47}},"4":{"start":{"line":7,"column":0},"end":{"line":14,"column":3}},"5":{"start":{"line":8,"column":4},"end":{"line":13,"column":5}},"6":{"start":{"line":9,"column":23},"end":{"line":9,"column":75}},"7":{"start":{"line":10,"column":8},"end":{"line":10,"column":51}},"8":{"start":{"line":12,"column":8},"end":{"line":12,"column":25}},"9":{"start":{"line":17,"column":0},"end":{"line":40,"column":3}},"10":{"start":{"line":18,"column":4},"end":{"line":39,"column":5}},"11":{"start":{"line":19,"column":23},"end":{"line":19,"column":33}},"12":{"start":{"line":20,"column":30},"end":{"line":24,"column":9}},"13":{"start":{"line":26,"column":8},"end":{"line":28,"column":9}},"14":{"start":{"line":27,"column":12},"end":{"line":27,"column":61}},"15":{"start":{"line":29,"column":24},"end":{"line":29,"column":45}},"16":{"start":{"line":30,"column":30},"end":{"line":34,"column":9}},"17":{"start":{"line":35,"column":8},"end":{"line":35,"column":48}},"18":{"start":{"line":36,"column":8},"end":{"line":36,"column":37}},"19":{"start":{"line":38,"column":8},"end":{"line":38,"column":25}},"20":{"start":{"line":43,"column":0},"end":{"line":56,"column":3}},"21":{"start":{"line":44,"column":4},"end":{"line":55,"column":5}},"22":{"start":{"line":45,"column":35},"end":{"line":45,"column":43}},"23":{"start":{"line":46,"column":23},"end":{"line":51,"column":9}},"24":{"start":{"line":52,"column":8},"end":{"line":52,"column":65}},"25":{"start":{"line":54,"column":8},"end":{"line":54,"column":25}},"26":{"start":{"line":59,"column":0},"end":{"line":83,"column":3}},"27":{"start":{"line":60,"column":4},"end":{"line":82,"column":5}},"28":{"start":{"line":61,"column":21},"end":{"line":61,"column":31}},"29":{"start":{"line":62,"column":28},"end":{"line":62,"column":36}},"30":{"start":{"line":64,"column":21},"end":{"line":64,"column":25}},"31":{"start":{"line":65,"column":6},"end":{"line":67,"column":7}},"32":{"start":{"line":66,"column":8},"end":{"line":66,"column":30}},"33":{"start":{"line":69,"column":21},"end":{"line":73,"column":7}},"34":{"start":{"line":75,"column":6},"end":{"line":77,"column":7}},"35":{"start":{"line":76,"column":8},"end":{"line":76,"column":57}},"36":{"start":{"line":79,"column":6},"end":{"line":79,"column":51}},"37":{"start":{"line":81,"column":6},"end":{"line":81,"column":23}},"38":{"start":{"line":86,"column":0},"end":{"line":103,"column":3}},"39":{"start":{"line":87,"column":4},"end":{"line":102,"column":5}},"40":{"start":{"line":88,"column":23},"end":{"line":88,"column":33}},"41":{"start":{"line":89,"column":23},"end":{"line":93,"column":9}},"42":{"start":{"line":95,"column":8},"end":{"line":97,"column":9}},"43":{"start":{"line":96,"column":12},"end":{"line":96,"column":61}},"44":{"start":{"line":99,"column":8},"end":{"line":99,"column":46}},"45":{"start":{"line":101,"column":8},"end":{"line":101,"column":25}},"46":{"start":{"line":105,"column":0},"end":{"line":105,"column":24}}},"fnMap":{"0":{"name":"(anonymous_0)","decl":{"start":{"line":7,"column":16},"end":{"line":7,"column":17}},"loc":{"start":{"line":7,"column":42},"end":{"line":14,"column":1}},"line":7},"1":{"name":"(anonymous_1)","decl":{"start":{"line":17,"column":19},"end":{"line":17,"column":20}},"loc":{"start":{"line":17,"column":45},"end":{"line":40,"column":1}},"line":17},"2":{"name":"(anonymous_2)","decl":{"start":{"line":43,"column":17},"end":{"line":43,"column":18}},"loc":{"start":{"line":43,"column":43},"end":{"line":56,"column":1}},"line":43},"3":{"name":"(anonymous_3)","decl":{"start":{"line":59,"column":19},"end":{"line":59,"column":20}},"loc":{"start":{"line":59,"column":45},"end":{"line":83,"column":1}},"line":59},"4":{"name":"(anonymous_4)","decl":{"start":{"line":86,"column":22},"end":{"line":86,"column":23}},"loc":{"start":{"line":86,"column":48},"end":{"line":103,"column":1}},"line":86}},"branchMap":{"0":{"loc":{"start":{"line":26,"column":8},"end":{"line":28,"column":9}},"type":"if","locations":[{"start":{"line":26,"column":8},"end":{"line":28,"column":9}},{"start":{},"end":{}}],"line":26},"1":{"loc":{"start":{"line":65,"column":6},"end":{"line":67,"column":7}},"type":"if","locations":[{"start":{"line":65,"column":6},"end":{"line":67,"column":7}},{"start":{},"end":{}}],"line":65},"2":{"loc":{"start":{"line":75,"column":6},"end":{"line":77,"column":7}},"type":"if","locations":[{"start":{"line":75,"column":6},"end":{"line":77,"column":7}},{"start":{},"end":{}}],"line":75},"3":{"loc":{"start":{"line":95,"column":8},"end":{"line":97,"column":9}},"type":"if","locations":[{"start":{"line":95,"column":8},"end":{"line":97,"column":9}},{"start":{},"end":{}}],"line":95}},"s":{"0":2,"1":2,"2":2,"3":2,"4":2,"5":1,"6":1,"7":1,"8":0,"9":2,"10":2,"11":2,"12":2,"13":2,"14":1,"15":1,"16":1,"17":1,"18":1,"19":1,"20":2,"21":1,"22":1,"23":1,"24":1,"25":0,"26":2,"27":2,"28":2,"29":2,"30":2,"31":2,"32":1,"33":2,"34":2,"35":1,"36":1,"37":1,"38":2,"39":2,"40":2,"41":2,"42":2,"43":1,"44":1,"45":1,"46":2},"f":{"0":1,"1":2,"2":1,"3":2,"4":2},"b":{"0":[1,1],"1":[1,1],"2":[1,1],"3":[1,1]},"_coverageSchema":"1a1c01bbd47fc00a2c39e90264f33305004495a9","hash":"20dcf62d5059fb1c0e468e1f04cbc62853f3b205"}
}
