TN:
SF:app.js
FN:14,(anonymous_0)
FN:20,(anonymous_1)
FNF:2
FNH:1
FNDA:0,(anonymous_0)
FNDA:6,(anonymous_1)
DA:1,2
DA:2,2
DA:3,2
DA:4,2
DA:5,2
DA:7,2
DA:10,2
DA:11,2
DA:14,2
DA:15,0
DA:16,0
DA:20,2
DA:21,6
DA:23,6
DA:29,2
LF:15
LH:13
BRDA:21,0,0,6
BRDA:21,0,1,0
BRF:2
BRH:1
end_of_record
TN:
SF:db.js
FN:21,(anonymous_0)
FNF:1
FNH:1
FNDA:2,(anonymous_0)
DA:5,2
DA:11,2
DA:12,2
DA:16,0
DA:21,2
DA:22,2
DA:23,0
DA:25,2
DA:29,2
LF:9
LH:7
BRDA:11,0,0,2
BRDA:11,0,1,0
BRDA:22,1,0,0
BRDA:22,1,1,2
BRF:4
BRH:2
end_of_record
TN:
SF:expressError.js
FN:8,(anonymous_0)
FNF:1
FNH:1
FNDA:6,(anonymous_0)
DA:9,6
DA:10,6
DA:11,6
DA:12,6
DA:17,2
LF:5
LH:5
BRF:0
BRH:0
end_of_record
TN:
SF:routes/companies.js
FN:8,(anonymous_0)
FN:19,(anonymous_1)
FN:41,(anonymous_2)
FN:52,(anonymous_3)
FN:74,(anonymous_4)
FN:97,(anonymous_5)
FNF:6
FNH:5
FNDA:1,(anonymous_0)
FNDA:2,(anonymous_1)
FNDA:0,(anonymous_2)
FNDA:1,(anonymous_3)
FNDA:2,(anonymous_4)
FNDA:2,(anonymous_5)
DA:1,2
DA:2,2
DA:3,2
DA:4,2
DA:5,2
DA:8,2
DA:9,1
DA:10,1
DA:11,1
DA:13,0
DA:19,2
DA:20,2
DA:21,2
DA:23,2
DA:28,2
DA:29,1
DA:32,1
DA:40,1
DA:41,1
DA:43,1
DA:45,1
DA:52,2
DA:53,1
DA:54,1
DA:56,1
DA:59,1
DA:65,1
DA:67,0
DA:74,2
DA:75,2
DA:76,2
DA:77,2
DA:78,2
DA:84,2
DA:85,1
DA:88,1
DA:90,1
DA:97,2
DA:98,2
DA:99,2
DA:100,2
DA:106,2
DA:107,1
DA:110,1
DA:112,1
DA:116,2
LF:46
LH:44
BRDA:28,0,0,1
BRDA:28,0,1,1
BRDA:84,1,0,1
BRDA:84,1,1,1
BRDA:106,2,0,1
BRDA:106,2,1,1
BRF:6
BRH:6
end_of_record
TN:
SF:routes/invoices.js
FN:7,(anonymous_0)
FN:17,(anonymous_1)
FN:43,(anonymous_2)
FN:59,(anonymous_3)
FN:86,(anonymous_4)
FNF:5
FNH:5
FNDA:1,(anonymous_0)
FNDA:2,(anonymous_1)
FNDA:1,(anonymous_2)
FNDA:2,(anonymous_3)
FNDA:2,(anonymous_4)
DA:1,2
DA:2,2
DA:3,2
DA:4,2
DA:7,2
DA:8,1
DA:9,1
DA:10,1
DA:12,0
DA:17,2
DA:18,2
DA:19,2
DA:20,2
DA:26,2
DA:27,1
DA:29,1
DA:30,1
DA:35,1
DA:36,1
DA:38,1
DA:43,2
DA:44,1
DA:45,1
DA:46,1
DA:52,1
DA:54,0
DA:59,2
DA:60,2
DA:61,2
DA:62,2
DA:64,2
DA:65,2
DA:66,1
DA:69,2
DA:75,2
DA:76,1
DA:79,1
DA:81,1
DA:86,2
DA:87,2
DA:88,2
DA:89,2
DA:95,2
DA:96,1
DA:99,1
DA:101,1
DA:105,2
LF:47
LH:45
BRDA:26,0,0,1
BRDA:26,0,1,1
BRDA:65,1,0,1
BRDA:65,1,1,1
BRDA:75,2,0,1
BRDA:75,2,1,1
BRDA:95,3,0,1
BRDA:95,3,1,1
BRF:8
BRH:8
end_of_record
